<?xml version="1.0" encoding="UTF-8"?>
<!-- Generated by org.testng.reporters.JUnitReportReporter -->
<testsuite hostname="User-PC" failures="0" tests="3" name="TestsAPI.apiTest" time="10.569" errors="0" timestamp="2020-09-17T10:31:03 MSK" skipped="0">
  <testcase classname="TestsAPI.apiTest" name="getMilesIAMNOTOK" time="3.541"/>
  <system-out/>
  <testcase classname="TestsAPI.apiTest" name="getMilesIAMOK" time="1.138"/>
  <system-out/>
  <testcase classname="TestsAPI.apiTest" name="addMilestone" time="5.890"/>
  <system-out/>
</testsuite> <!-- TestsAPI.apiTest -->
