<?xml version="1.0" encoding="UTF-8"?>
<!-- Generated by org.testng.reporters.JUnitReportReporter -->
<testsuite hostname="User-PC" failures="0" tests="1" name="TestsUI.TestoAmbiente" time="18.704" errors="0" timestamp="2020-09-17T10:31:03 MSK" skipped="0">
  <testcase classname="TestsUI.TestoAmbiente" name="addMilesTest" time="18.704"/>
  <system-out/>
</testsuite> <!-- TestsUI.TestoAmbiente -->
