<?xml version="1.0" encoding="UTF-8"?>
<!-- Generated by org.testng.reporters.JUnitReportReporter -->
<testsuite hostname="User-PC" failures="0" tests="6" name="TestsUI.TestoPositivaNegativa" time="68.212" errors="0" timestamp="2020-09-17T10:31:03 MSK" skipped="0">
  <testcase classname="TestsUI.TestoPositivaNegativa" name="limitValueTest" time="11.699"/>
  <system-out/>
  <testcase classname="TestsUI.TestoPositivaNegativa" name="bubbleTest" time="11.139"/>
  <system-out/>
  <testcase classname="TestsUI.TestoPositivaNegativa" name="dataTypeValueTest" time="11.582"/>
  <system-out/>
  <testcase classname="TestsUI.TestoPositivaNegativa" name="badDataTest" time="11.774"/>
  <system-out/>
  <testcase classname="TestsUI.TestoPositivaNegativa" name="defectiveTest" time="9.974"/>
  <system-out/>
  <testcase classname="TestsUI.TestoPositivaNegativa" name="imagedialogTest" time="12.044"/>
  <system-out/>
</testsuite> <!-- TestsUI.TestoPositivaNegativa -->
