<?xml version="1.0" encoding="UTF-8"?>
<!-- Generated by org.testng.reporters.JUnitReportReporter -->
<testsuite hostname="User-PC" failures="0" tests="1" name="TestsUI.TestoTerminar" time="11.092" errors="0" timestamp="2020-09-17T10:31:03 MSK" skipped="0">
  <testcase classname="TestsUI.TestoTerminar" name="killmeplsTest" time="11.092"/>
  <system-out/>
</testsuite> <!-- TestsUI.TestoTerminar -->
