<?xml version="1.0" encoding="UTF-8"?>
<!-- Generated by org.testng.reporters.JUnitReportReporter -->
<testsuite hostname="User-PC" failures="0" tests="6" name="TestsUI.TestoPositivaNegativa" time="70.837" errors="0" timestamp="2020-09-14T22:37:02 MSK" skipped="0">
  <testcase classname="TestsUI.TestoPositivaNegativa" name="defectiveTest" time="10.050"/>
  <system-out/>
  <testcase classname="TestsUI.TestoPositivaNegativa" name="limitValueTest" time="12.073"/>
  <system-out/>
  <testcase classname="TestsUI.TestoPositivaNegativa" name="dataTypeValueTest" time="12.618"/>
  <system-out/>
  <testcase classname="TestsUI.TestoPositivaNegativa" name="badDataTest" time="12.251"/>
  <system-out/>
  <testcase classname="TestsUI.TestoPositivaNegativa" name="imagedialogTest" time="12.658"/>
  <system-out/>
  <testcase classname="TestsUI.TestoPositivaNegativa" name="bubbleTest" time="11.187"/>
  <system-out/>
</testsuite> <!-- TestsUI.TestoPositivaNegativa -->
