<?xml version="1.0" encoding="UTF-8"?>
<!-- Generated by org.testng.reporters.JUnitReportReporter -->
<testsuite hostname="User-PC" failures="0" tests="6" name="TestsUI.TestoPositivaNegativa" time="72.768" errors="0" timestamp="2020-09-17T12:22:16 MSK" skipped="0">
  <testcase classname="TestsUI.TestoPositivaNegativa" name="badDataTest" time="11.943"/>
  <system-out/>
  <testcase classname="TestsUI.TestoPositivaNegativa" name="bubbleTest" time="11.641"/>
  <system-out/>
  <testcase classname="TestsUI.TestoPositivaNegativa" name="dataTypeValueTest" time="12.314"/>
  <system-out/>
  <testcase classname="TestsUI.TestoPositivaNegativa" name="defectiveTest" time="12.061"/>
  <system-out/>
  <testcase classname="TestsUI.TestoPositivaNegativa" name="limitValueTest" time="11.727"/>
  <system-out/>
  <testcase classname="TestsUI.TestoPositivaNegativa" name="imagedialogTest" time="13.082"/>
  <system-out/>
</testsuite> <!-- TestsUI.TestoPositivaNegativa -->
