<?xml version="1.0" encoding="UTF-8"?>
<!-- Generated by org.testng.reporters.JUnitReportReporter -->
<testsuite hostname="User-PC" failures="0" tests="3" name="TestsAPI.apiTest" time="8.373" errors="0" timestamp="2020-09-17T12:22:16 MSK" skipped="0">
  <testcase classname="TestsAPI.apiTest" name="getMilesIAMNOTOK" time="2.727"/>
  <system-out/>
  <testcase classname="TestsAPI.apiTest" name="addMilestone" time="4.577"/>
  <system-out/>
  <testcase classname="TestsAPI.apiTest" name="getMilesIAMOK" time="1.069"/>
  <system-out/>
</testsuite> <!-- TestsAPI.apiTest -->
