<?xml version="1.0" encoding="UTF-8"?>
<!-- Generated by org.testng.reporters.JUnitReportReporter -->
<testsuite hostname="User-PC" failures="0" tests="1" name="TestsUI.TestoTerminar" time="11.546" errors="0" timestamp="2020-09-17T12:22:16 MSK" skipped="0">
  <testcase classname="TestsUI.TestoTerminar" name="killmeplsTest" time="11.546"/>
  <system-out/>
</testsuite> <!-- TestsUI.TestoTerminar -->
