<?xml version="1.0" encoding="UTF-8"?>
<!-- Generated by org.testng.reporters.JUnitReportReporter -->
<testsuite hostname="User-PC" failures="0" tests="1" name="TestsUI.TestoAmbiente" time="15.098" errors="0" timestamp="2020-09-14T22:25:03 MSK" skipped="0">
  <testcase classname="TestsUI.TestoAmbiente" name="addMilesTest" time="15.098"/>
  <system-out/>
</testsuite> <!-- TestsUI.TestoAmbiente -->
