<?xml version="1.0" encoding="UTF-8"?>
<!-- Generated by org.testng.reporters.JUnitReportReporter -->
<testsuite hostname="User-PC" failures="0" tests="6" name="TestsUI.TestoPositivaNegativa" time="70.740" errors="0" timestamp="2020-09-14T22:25:03 MSK" skipped="0">
  <testcase classname="TestsUI.TestoPositivaNegativa" name="imagedialogTest" time="12.581"/>
  <system-out/>
  <testcase classname="TestsUI.TestoPositivaNegativa" name="dataTypeValueTest" time="12.439"/>
  <system-out/>
  <testcase classname="TestsUI.TestoPositivaNegativa" name="limitValueTest" time="11.817"/>
  <system-out/>
  <testcase classname="TestsUI.TestoPositivaNegativa" name="bubbleTest" time="11.376"/>
  <system-out/>
  <testcase classname="TestsUI.TestoPositivaNegativa" name="defectiveTest" time="10.057"/>
  <system-out/>
  <testcase classname="TestsUI.TestoPositivaNegativa" name="badDataTest" time="12.470"/>
  <system-out/>
</testsuite> <!-- TestsUI.TestoPositivaNegativa -->
